2026-03-04 00:18:55,384 - INFO - parser.py:158 - Translation started on ONNX model jet_classifier
2026-03-04 00:18:55,398 - INFO - parser.py:193 - Restored ONNX model jet_classifier (completion time: 00:00:00.01)
2026-03-04 00:18:55,586 - INFO - parser.py:216 - Extracted ONNXRuntime meta-data for Hailo model (completion time: 00:00:00.20)
2026-03-04 00:18:55,614 - INFO - parser.py:366 - Start nodes mapped from original model: 'input': 'jet_classifier/input_layer1'.
2026-03-04 00:18:55,614 - INFO - parser.py:367 - End nodes mapped from original model: '/sigmoid/Sigmoid'.
2026-03-04 00:18:55,620 - INFO - parser.py:288 - Translation completed on ONNX model jet_classifier (completion time: 00:00:00.24)
2026-03-04 00:18:55,945 - INFO - client_runner.py:1881 - Saved HAR to: /home/epratika/FYS/KSU_FirstYearScholars25-26/output/jet_classifier_3ch_16-32-64_parsed.har
2026-03-04 00:18:55,953 - INFO - client_runner.py:501 - Loading model script commands to jet_classifier from output/jet_classifier_3ch_16-32-64.alls
2026-03-04 00:18:56,110 - INFO - calib_set_generator.py:130 - Found model with 3 input channels, using real RGB images for calibration instead of sampling random data.
2026-03-04 00:18:56,181 - IMPORTANT - logger.py:58 - Starting Model Optimization
2026-03-04 00:18:56,320 - WARNING - mo_config.py:168 - Reducing optimization level to 0 (the accuracy won't be optimized and compression won't be used) because there's no available GPU
2026-03-04 00:18:56,321 - WARNING - mo_config.py:233 - Running model optimization with zero level of optimization is not recommended for production use and might lead to suboptimal accuracy results
2026-03-04 00:18:56,321 - INFO - mo_script_parser.py:91 - Model received quantization params from the hn
2026-03-04 00:18:56,746 - INFO - algorithm_base.py:149 - MatmulDecompose skipped
2026-03-04 00:18:56,754 - INFO - algorithm_base.py:152 - Starting Mixed Precision
2026-03-04 00:18:56,797 - INFO - algorithm_base.py:168 - Model Optimization Algorithm Mixed Precision is done (completion time is 00:00:00.04)
2026-03-04 00:18:56,813 - INFO - algorithm_base.py:149 - LayerNorm Decomposition skipped
2026-03-04 00:18:56,867 - INFO - algorithm_base.py:152 - Starting Statistics Collector
2026-03-04 00:18:56,871 - INFO - stats_collection.py:89 - Using dataset with 64 entries for calibration
2026-03-04 00:18:59,661 - INFO - algorithm_base.py:168 - Model Optimization Algorithm Statistics Collector is done (completion time is 00:00:02.79)
2026-03-04 00:18:59,740 - INFO - create_io_encoding.py:138 - Output layer jet_classifier/fc2 with sigmoid activation was detected. Forcing its output range to be [0, 1] (original range was [0.003961201757192612, 0.9960574507713318]).
2026-03-04 00:18:59,745 - INFO - algorithm_base.py:152 - Starting Fix zp_comp Encoding
2026-03-04 00:18:59,745 - INFO - algorithm_base.py:168 - Model Optimization Algorithm Fix zp_comp Encoding is done (completion time is 00:00:00.00)
2026-03-04 00:18:59,745 - INFO - algorithm_base.py:149 - Matmul Equalization skipped
2026-03-04 00:18:59,745 - INFO - algorithm_base.py:152 - Starting MatmulDecomposeFix
2026-03-04 00:18:59,746 - INFO - algorithm_base.py:168 - Model Optimization Algorithm MatmulDecomposeFix is done (completion time is 00:00:00.00)
2026-03-04 00:19:00,866 - INFO - algorithm_base.py:149 - Finetune encoding skipped
2026-03-04 00:19:00,867 - INFO - algorithm_base.py:149 - Bias Correction skipped
2026-03-04 00:19:00,869 - INFO - algorithm_base.py:149 - Adaround skipped
2026-03-04 00:19:00,870 - INFO - algorithm_base.py:149 - Quantization-Aware Fine-Tuning skipped
2026-03-04 00:19:01,518 - INFO - algorithm_base.py:149 - Layer Noise Analysis skipped
2026-03-04 00:19:01,534 - INFO - quant_checker.py:171 - The calibration set seems to not be normalized, because the values range is [(0.0, 0.7124244), (0.0, 0.46873146), (0.0, 0.647242)].
Since the neural core works in 8-bit (between 0 to 255), a quantization will occur on the CPU of the runtime platform.
Add a normalization layer to the model to offload the normalization to the neural core.
Refer to the user guide Hailo Dataflow Compiler user guide / Model Optimization / Optimization Related Model Script Commands / model_modification_commands / normalization for details.
2026-03-04 00:19:02,224 - IMPORTANT - logger.py:58 - Model Optimization is done
2026-03-04 00:19:02,274 - INFO - client_runner.py:1881 - Saved HAR to: /home/epratika/FYS/KSU_FirstYearScholars25-26/output/jet_classifier_3ch_16-32-64_quantized.har
2026-03-04 00:19:02,289 - INFO - hailo_tools_runner.py:510 - To achieve optimal performance, set the compiler_optimization_level to "max" by adding performance_param(compiler_optimization_level=max) to the model script. Note that this may increase compilation time.
2026-03-04 01:04:34,365 - INFO - parser.py:158 - Translation started on ONNX model jet_classifier
2026-03-04 01:04:34,378 - INFO - parser.py:193 - Restored ONNX model jet_classifier (completion time: 00:00:00.01)
2026-03-04 01:04:34,548 - INFO - parser.py:216 - Extracted ONNXRuntime meta-data for Hailo model (completion time: 00:00:00.18)
2026-03-04 01:04:34,576 - INFO - parser.py:366 - Start nodes mapped from original model: 'input': 'jet_classifier/input_layer1'.
2026-03-04 01:04:34,576 - INFO - parser.py:367 - End nodes mapped from original model: '/sigmoid/Sigmoid'.
2026-03-04 01:04:34,583 - INFO - parser.py:288 - Translation completed on ONNX model jet_classifier (completion time: 00:00:00.22)
2026-03-04 01:04:34,860 - INFO - client_runner.py:1881 - Saved HAR to: /home/epratika/FYS/KSU_FirstYearScholars25-26/output/jet_classifier_3ch_32-48-64_parsed.har
2026-03-04 01:04:34,993 - INFO - calib_set_generator.py:130 - Found model with 3 input channels, using real RGB images for calibration instead of sampling random data.
2026-03-04 01:04:35,064 - IMPORTANT - logger.py:58 - Starting Model Optimization
2026-03-04 01:04:35,169 - WARNING - mo_config.py:168 - Reducing optimization level to 0 (the accuracy won't be optimized and compression won't be used) because there's no available GPU
2026-03-04 01:04:35,169 - WARNING - mo_config.py:233 - Running model optimization with zero level of optimization is not recommended for production use and might lead to suboptimal accuracy results
2026-03-04 01:04:35,170 - INFO - mo_script_parser.py:91 - Model received quantization params from the hn
2026-03-04 01:04:35,530 - INFO - algorithm_base.py:149 - MatmulDecompose skipped
2026-03-04 01:04:35,538 - INFO - algorithm_base.py:152 - Starting Mixed Precision
2026-03-04 01:04:35,567 - INFO - algorithm_base.py:168 - Model Optimization Algorithm Mixed Precision is done (completion time is 00:00:00.03)
2026-03-04 01:04:35,581 - INFO - algorithm_base.py:149 - LayerNorm Decomposition skipped
2026-03-04 01:04:35,613 - INFO - algorithm_base.py:152 - Starting Statistics Collector
2026-03-04 01:04:35,617 - INFO - stats_collection.py:89 - Using dataset with 64 entries for calibration
2026-03-04 01:04:37,888 - INFO - algorithm_base.py:168 - Model Optimization Algorithm Statistics Collector is done (completion time is 00:00:02.27)
2026-03-04 01:04:37,961 - INFO - create_io_encoding.py:138 - Output layer jet_classifier/fc2 with sigmoid activation was detected. Forcing its output range to be [0, 1] (original range was [0.003979772329330444, 0.9928780794143677]).
2026-03-04 01:04:37,965 - INFO - algorithm_base.py:152 - Starting Fix zp_comp Encoding
2026-03-04 01:04:37,965 - INFO - algorithm_base.py:168 - Model Optimization Algorithm Fix zp_comp Encoding is done (completion time is 00:00:00.00)
2026-03-04 01:04:37,966 - INFO - algorithm_base.py:149 - Matmul Equalization skipped
2026-03-04 01:04:37,966 - INFO - algorithm_base.py:152 - Starting MatmulDecomposeFix
2026-03-04 01:04:37,966 - INFO - algorithm_base.py:168 - Model Optimization Algorithm MatmulDecomposeFix is done (completion time is 00:00:00.00)
2026-03-04 01:04:38,704 - INFO - algorithm_base.py:149 - Finetune encoding skipped
2026-03-04 01:04:38,705 - INFO - algorithm_base.py:149 - Bias Correction skipped
2026-03-04 01:04:38,706 - INFO - algorithm_base.py:149 - Adaround skipped
2026-03-04 01:04:38,707 - INFO - algorithm_base.py:149 - Quantization-Aware Fine-Tuning skipped
2026-03-04 01:04:39,275 - INFO - algorithm_base.py:149 - Layer Noise Analysis skipped
2026-03-04 01:04:39,290 - INFO - quant_checker.py:171 - The calibration set seems to not be normalized, because the values range is [(0.0, 0.7124244), (0.0, 0.46873146), (0.0, 0.647242)].
Since the neural core works in 8-bit (between 0 to 255), a quantization will occur on the CPU of the runtime platform.
Add a normalization layer to the model to offload the normalization to the neural core.
Refer to the user guide Hailo Dataflow Compiler user guide / Model Optimization / Optimization Related Model Script Commands / model_modification_commands / normalization for details.
2026-03-04 01:04:39,910 - IMPORTANT - logger.py:58 - Model Optimization is done
2026-03-04 01:04:39,955 - INFO - client_runner.py:1881 - Saved HAR to: /home/epratika/FYS/KSU_FirstYearScholars25-26/output/jet_classifier_3ch_32-48-64_quantized.har
2026-03-04 01:04:39,959 - INFO - hailo_tools_runner.py:510 - To achieve optimal performance, set the compiler_optimization_level to "max" by adding performance_param(compiler_optimization_level=max) to the model script. Note that this may increase compilation time.
2026-03-04 01:31:51,197 - INFO - parser.py:158 - Translation started on ONNX model jet_classifier
2026-03-04 01:31:51,214 - INFO - parser.py:193 - Restored ONNX model jet_classifier (completion time: 00:00:00.02)
2026-03-04 01:31:51,383 - INFO - parser.py:216 - Extracted ONNXRuntime meta-data for Hailo model (completion time: 00:00:00.19)
2026-03-04 01:31:51,412 - INFO - parser.py:366 - Start nodes mapped from original model: 'input': 'jet_classifier/input_layer1'.
2026-03-04 01:31:51,412 - INFO - parser.py:367 - End nodes mapped from original model: '/sigmoid/Sigmoid'.
2026-03-04 01:31:51,418 - INFO - parser.py:288 - Translation completed on ONNX model jet_classifier (completion time: 00:00:00.22)
2026-03-04 01:31:51,695 - INFO - client_runner.py:1881 - Saved HAR to: /home/epratika/FYS/KSU_FirstYearScholars25-26/output/jet_classifier_3ch_16-32-64_parsed.har
2026-03-04 01:31:51,703 - INFO - client_runner.py:501 - Loading model script commands to jet_classifier from output/jet_classifier_3ch_16-32-64.alls
2026-03-04 01:31:51,848 - INFO - calib_set_generator.py:130 - Found model with 3 input channels, using real RGB images for calibration instead of sampling random data.
2026-03-04 01:31:51,918 - IMPORTANT - logger.py:58 - Starting Model Optimization
2026-03-04 01:31:52,027 - WARNING - mo_config.py:168 - Reducing optimization level to 0 (the accuracy won't be optimized and compression won't be used) because there's no available GPU
2026-03-04 01:31:52,027 - WARNING - mo_config.py:233 - Running model optimization with zero level of optimization is not recommended for production use and might lead to suboptimal accuracy results
2026-03-04 01:31:52,028 - INFO - mo_script_parser.py:91 - Model received quantization params from the hn
2026-03-04 01:31:52,389 - INFO - algorithm_base.py:149 - MatmulDecompose skipped
2026-03-04 01:31:52,397 - INFO - algorithm_base.py:152 - Starting Mixed Precision
2026-03-04 01:31:52,440 - INFO - algorithm_base.py:168 - Model Optimization Algorithm Mixed Precision is done (completion time is 00:00:00.04)
2026-03-04 01:31:52,457 - INFO - algorithm_base.py:149 - LayerNorm Decomposition skipped
2026-03-04 01:31:52,511 - INFO - algorithm_base.py:152 - Starting Statistics Collector
2026-03-04 01:31:52,516 - INFO - stats_collection.py:89 - Using dataset with 64 entries for calibration
2026-03-04 01:31:55,049 - INFO - algorithm_base.py:168 - Model Optimization Algorithm Statistics Collector is done (completion time is 00:00:02.53)
2026-03-04 01:31:55,138 - INFO - create_io_encoding.py:138 - Output layer jet_classifier/fc2 with sigmoid activation was detected. Forcing its output range to be [0, 1] (original range was [0.01110395509749651, 0.9868427515029907]).
2026-03-04 01:31:55,143 - INFO - algorithm_base.py:152 - Starting Fix zp_comp Encoding
2026-03-04 01:31:55,144 - INFO - algorithm_base.py:168 - Model Optimization Algorithm Fix zp_comp Encoding is done (completion time is 00:00:00.00)
2026-03-04 01:31:55,144 - INFO - algorithm_base.py:149 - Matmul Equalization skipped
2026-03-04 01:31:55,144 - INFO - algorithm_base.py:152 - Starting MatmulDecomposeFix
2026-03-04 01:31:55,144 - INFO - algorithm_base.py:168 - Model Optimization Algorithm MatmulDecomposeFix is done (completion time is 00:00:00.00)
2026-03-04 01:31:56,236 - INFO - algorithm_base.py:149 - Finetune encoding skipped
2026-03-04 01:31:56,237 - INFO - algorithm_base.py:149 - Bias Correction skipped
2026-03-04 01:31:56,240 - INFO - algorithm_base.py:149 - Adaround skipped
2026-03-04 01:31:56,241 - INFO - algorithm_base.py:149 - Quantization-Aware Fine-Tuning skipped
2026-03-04 01:31:56,889 - INFO - algorithm_base.py:149 - Layer Noise Analysis skipped
2026-03-04 01:31:56,905 - INFO - quant_checker.py:171 - The calibration set seems to not be normalized, because the values range is [(0.0, 0.7124244), (0.0, 0.46873146), (0.0, 0.647242)].
Since the neural core works in 8-bit (between 0 to 255), a quantization will occur on the CPU of the runtime platform.
Add a normalization layer to the model to offload the normalization to the neural core.
Refer to the user guide Hailo Dataflow Compiler user guide / Model Optimization / Optimization Related Model Script Commands / model_modification_commands / normalization for details.
2026-03-04 01:31:57,596 - IMPORTANT - logger.py:58 - Model Optimization is done
2026-03-04 01:31:57,653 - INFO - client_runner.py:1881 - Saved HAR to: /home/epratika/FYS/KSU_FirstYearScholars25-26/output/jet_classifier_3ch_16-32-64_quantized.har
2026-03-04 01:31:57,668 - INFO - hailo_tools_runner.py:510 - To achieve optimal performance, set the compiler_optimization_level to "max" by adding performance_param(compiler_optimization_level=max) to the model script. Note that this may increase compilation time.
2026-03-04 12:57:09,355 - INFO - parser.py:158 - Translation started on ONNX model jet_classifier
2026-03-04 12:58:21,710 - INFO - parser.py:158 - Translation started on ONNX model jet_classifier
2026-03-04 12:58:21,726 - INFO - parser.py:193 - Restored ONNX model jet_classifier (completion time: 00:00:00.02)
2026-03-04 12:58:21,895 - INFO - parser.py:216 - Extracted ONNXRuntime meta-data for Hailo model (completion time: 00:00:00.19)
2026-03-04 12:58:21,924 - INFO - parser.py:366 - Start nodes mapped from original model: 'input': 'jet_classifier/input_layer1'.
2026-03-04 12:58:21,924 - INFO - parser.py:367 - End nodes mapped from original model: '/sigmoid/Sigmoid'.
2026-03-04 12:58:21,930 - INFO - parser.py:288 - Translation completed on ONNX model jet_classifier (completion time: 00:00:00.22)
2026-03-04 12:58:22,207 - INFO - client_runner.py:1881 - Saved HAR to: /home/epratika/FYS/KSU_FirstYearScholars25-26/output/jet_classifier_3ch_4-8-16_parsed.har
2026-03-04 12:58:22,340 - INFO - calib_set_generator.py:130 - Found model with 3 input channels, using real RGB images for calibration instead of sampling random data.
2026-03-04 12:58:22,410 - IMPORTANT - logger.py:58 - Starting Model Optimization
2026-03-04 12:58:22,512 - WARNING - mo_config.py:168 - Reducing optimization level to 0 (the accuracy won't be optimized and compression won't be used) because there's no available GPU
2026-03-04 12:58:22,513 - WARNING - mo_config.py:233 - Running model optimization with zero level of optimization is not recommended for production use and might lead to suboptimal accuracy results
2026-03-04 12:58:22,513 - INFO - mo_script_parser.py:91 - Model received quantization params from the hn
2026-03-04 12:58:22,872 - INFO - algorithm_base.py:149 - MatmulDecompose skipped
2026-03-04 12:58:22,880 - INFO - algorithm_base.py:152 - Starting Mixed Precision
2026-03-04 12:58:22,909 - INFO - algorithm_base.py:168 - Model Optimization Algorithm Mixed Precision is done (completion time is 00:00:00.03)
2026-03-04 12:58:22,923 - INFO - algorithm_base.py:149 - LayerNorm Decomposition skipped
2026-03-04 12:58:22,955 - INFO - algorithm_base.py:152 - Starting Statistics Collector
2026-03-04 12:58:22,959 - INFO - stats_collection.py:89 - Using dataset with 64 entries for calibration
2026-03-04 12:58:25,258 - INFO - algorithm_base.py:168 - Model Optimization Algorithm Statistics Collector is done (completion time is 00:00:02.30)
2026-03-04 12:58:25,338 - INFO - create_io_encoding.py:138 - Output layer jet_classifier/fc2 with sigmoid activation was detected. Forcing its output range to be [0, 1] (original range was [0.009596862830221653, 0.9960276484489441]).
2026-03-04 12:58:25,343 - INFO - algorithm_base.py:152 - Starting Fix zp_comp Encoding
2026-03-04 12:58:25,343 - INFO - algorithm_base.py:168 - Model Optimization Algorithm Fix zp_comp Encoding is done (completion time is 00:00:00.00)
2026-03-04 12:58:25,344 - INFO - algorithm_base.py:149 - Matmul Equalization skipped
2026-03-04 12:58:25,344 - INFO - algorithm_base.py:152 - Starting MatmulDecomposeFix
2026-03-04 12:58:25,344 - INFO - algorithm_base.py:168 - Model Optimization Algorithm MatmulDecomposeFix is done (completion time is 00:00:00.00)
2026-03-04 12:58:26,084 - INFO - algorithm_base.py:149 - Finetune encoding skipped
2026-03-04 12:58:26,085 - INFO - algorithm_base.py:149 - Bias Correction skipped
2026-03-04 12:58:26,087 - INFO - algorithm_base.py:149 - Adaround skipped
2026-03-04 12:58:26,088 - INFO - algorithm_base.py:149 - Quantization-Aware Fine-Tuning skipped
2026-03-04 12:58:26,658 - INFO - algorithm_base.py:149 - Layer Noise Analysis skipped
2026-03-04 12:58:26,672 - INFO - quant_checker.py:171 - The calibration set seems to not be normalized, because the values range is [(0.0, 0.7124244), (0.0, 0.46873146), (0.0, 0.647242)].
Since the neural core works in 8-bit (between 0 to 255), a quantization will occur on the CPU of the runtime platform.
Add a normalization layer to the model to offload the normalization to the neural core.
Refer to the user guide Hailo Dataflow Compiler user guide / Model Optimization / Optimization Related Model Script Commands / model_modification_commands / normalization for details.
2026-03-04 12:58:27,290 - IMPORTANT - logger.py:58 - Model Optimization is done
2026-03-04 12:58:27,340 - INFO - client_runner.py:1881 - Saved HAR to: /home/epratika/FYS/KSU_FirstYearScholars25-26/output/jet_classifier_3ch_4-8-16_quantized.har
2026-03-04 12:58:27,344 - INFO - hailo_tools_runner.py:510 - To achieve optimal performance, set the compiler_optimization_level to "max" by adding performance_param(compiler_optimization_level=max) to the model script. Note that this may increase compilation time.
2026-03-04 13:03:55,951 - INFO - parser.py:158 - Translation started on ONNX model jet_classifier
2026-03-04 13:03:55,967 - INFO - parser.py:193 - Restored ONNX model jet_classifier (completion time: 00:00:00.02)
2026-03-04 13:03:56,131 - INFO - parser.py:216 - Extracted ONNXRuntime meta-data for Hailo model (completion time: 00:00:00.18)
2026-03-04 13:03:56,160 - INFO - parser.py:366 - Start nodes mapped from original model: 'input': 'jet_classifier/input_layer1'.
2026-03-04 13:03:56,160 - INFO - parser.py:367 - End nodes mapped from original model: '/sigmoid/Sigmoid'.
2026-03-04 13:03:56,166 - INFO - parser.py:288 - Translation completed on ONNX model jet_classifier (completion time: 00:00:00.22)
2026-03-04 13:03:56,448 - INFO - client_runner.py:1881 - Saved HAR to: /home/epratika/FYS/KSU_FirstYearScholars25-26/output/jet_classifier_3ch_4-8-16_parsed.har
2026-03-04 13:03:56,583 - INFO - calib_set_generator.py:130 - Found model with 3 input channels, using real RGB images for calibration instead of sampling random data.
2026-03-04 13:03:56,654 - IMPORTANT - logger.py:58 - Starting Model Optimization
2026-03-04 13:03:56,759 - WARNING - mo_config.py:168 - Reducing optimization level to 0 (the accuracy won't be optimized and compression won't be used) because there's no available GPU
2026-03-04 13:03:56,760 - WARNING - mo_config.py:233 - Running model optimization with zero level of optimization is not recommended for production use and might lead to suboptimal accuracy results
2026-03-04 13:03:56,760 - INFO - mo_script_parser.py:91 - Model received quantization params from the hn
2026-03-04 13:03:57,126 - INFO - algorithm_base.py:149 - MatmulDecompose skipped
2026-03-04 13:03:57,133 - INFO - algorithm_base.py:152 - Starting Mixed Precision
2026-03-04 13:03:57,162 - INFO - algorithm_base.py:168 - Model Optimization Algorithm Mixed Precision is done (completion time is 00:00:00.03)
2026-03-04 13:03:57,176 - INFO - algorithm_base.py:149 - LayerNorm Decomposition skipped
2026-03-04 13:03:57,208 - INFO - algorithm_base.py:152 - Starting Statistics Collector
2026-03-04 13:03:57,213 - INFO - stats_collection.py:89 - Using dataset with 64 entries for calibration
2026-03-04 13:03:59,532 - INFO - algorithm_base.py:168 - Model Optimization Algorithm Statistics Collector is done (completion time is 00:00:02.32)
2026-03-04 13:03:59,617 - INFO - create_io_encoding.py:138 - Output layer jet_classifier/fc2 with sigmoid activation was detected. Forcing its output range to be [0, 1] (original range was [0.009596862830221653, 0.9960276484489441]).
2026-03-04 13:03:59,622 - INFO - algorithm_base.py:152 - Starting Fix zp_comp Encoding
2026-03-04 13:03:59,622 - INFO - algorithm_base.py:168 - Model Optimization Algorithm Fix zp_comp Encoding is done (completion time is 00:00:00.00)
2026-03-04 13:03:59,622 - INFO - algorithm_base.py:149 - Matmul Equalization skipped
2026-03-04 13:03:59,622 - INFO - algorithm_base.py:152 - Starting MatmulDecomposeFix
2026-03-04 13:03:59,623 - INFO - algorithm_base.py:168 - Model Optimization Algorithm MatmulDecomposeFix is done (completion time is 00:00:00.00)
2026-03-04 13:04:00,373 - INFO - algorithm_base.py:149 - Finetune encoding skipped
2026-03-04 13:04:00,374 - INFO - algorithm_base.py:149 - Bias Correction skipped
2026-03-04 13:04:00,376 - INFO - algorithm_base.py:149 - Adaround skipped
2026-03-04 13:04:00,377 - INFO - algorithm_base.py:149 - Quantization-Aware Fine-Tuning skipped
2026-03-04 13:04:00,954 - INFO - algorithm_base.py:149 - Layer Noise Analysis skipped
2026-03-04 13:04:00,968 - INFO - quant_checker.py:171 - The calibration set seems to not be normalized, because the values range is [(0.0, 0.7124244), (0.0, 0.46873146), (0.0, 0.647242)].
Since the neural core works in 8-bit (between 0 to 255), a quantization will occur on the CPU of the runtime platform.
Add a normalization layer to the model to offload the normalization to the neural core.
Refer to the user guide Hailo Dataflow Compiler user guide / Model Optimization / Optimization Related Model Script Commands / model_modification_commands / normalization for details.
2026-03-04 13:04:01,596 - IMPORTANT - logger.py:58 - Model Optimization is done
2026-03-04 13:04:01,649 - INFO - client_runner.py:1881 - Saved HAR to: /home/epratika/FYS/KSU_FirstYearScholars25-26/output/jet_classifier_3ch_4-8-16_quantized.har
2026-03-04 13:04:01,653 - INFO - hailo_tools_runner.py:510 - To achieve optimal performance, set the compiler_optimization_level to "max" by adding performance_param(compiler_optimization_level=max) to the model script. Note that this may increase compilation time.
2026-03-04 13:15:50,001 - INFO - parser.py:158 - Translation started on ONNX model jet_classifier
2026-03-04 13:15:50,015 - INFO - parser.py:193 - Restored ONNX model jet_classifier (completion time: 00:00:00.01)
2026-03-04 13:15:50,186 - INFO - parser.py:216 - Extracted ONNXRuntime meta-data for Hailo model (completion time: 00:00:00.19)
2026-03-04 13:15:50,221 - INFO - parser.py:366 - Start nodes mapped from original model: 'input': 'jet_classifier/input_layer1'.
2026-03-04 13:15:50,221 - INFO - parser.py:367 - End nodes mapped from original model: '/sigmoid/Sigmoid'.
2026-03-04 13:15:50,227 - INFO - parser.py:288 - Translation completed on ONNX model jet_classifier (completion time: 00:00:00.23)
2026-03-04 13:15:50,508 - INFO - client_runner.py:1881 - Saved HAR to: /home/epratika/FYS/KSU_FirstYearScholars25-26/output/jet_classifier_3ch_2-4-8_parsed.har
2026-03-04 13:15:50,643 - INFO - calib_set_generator.py:130 - Found model with 3 input channels, using real RGB images for calibration instead of sampling random data.
2026-03-04 13:15:50,714 - IMPORTANT - logger.py:58 - Starting Model Optimization
2026-03-04 13:15:50,834 - WARNING - mo_config.py:168 - Reducing optimization level to 0 (the accuracy won't be optimized and compression won't be used) because there's no available GPU
2026-03-04 13:15:50,834 - WARNING - mo_config.py:233 - Running model optimization with zero level of optimization is not recommended for production use and might lead to suboptimal accuracy results
2026-03-04 13:15:50,835 - INFO - mo_script_parser.py:91 - Model received quantization params from the hn
2026-03-04 13:15:51,210 - INFO - algorithm_base.py:149 - MatmulDecompose skipped
2026-03-04 13:15:51,218 - INFO - algorithm_base.py:152 - Starting Mixed Precision
2026-03-04 13:15:51,248 - INFO - algorithm_base.py:168 - Model Optimization Algorithm Mixed Precision is done (completion time is 00:00:00.03)
2026-03-04 13:15:51,263 - INFO - algorithm_base.py:149 - LayerNorm Decomposition skipped
2026-03-04 13:15:51,295 - INFO - algorithm_base.py:152 - Starting Statistics Collector
2026-03-04 13:15:51,301 - INFO - stats_collection.py:89 - Using dataset with 64 entries for calibration
2026-03-04 13:15:53,725 - INFO - algorithm_base.py:168 - Model Optimization Algorithm Statistics Collector is done (completion time is 00:00:02.42)
2026-03-04 13:15:53,800 - INFO - create_io_encoding.py:138 - Output layer jet_classifier/fc2 with sigmoid activation was detected. Forcing its output range to be [0, 1] (original range was [0.0021796487271785736, 0.9484009146690369]).
2026-03-04 13:15:53,805 - INFO - algorithm_base.py:152 - Starting Fix zp_comp Encoding
2026-03-04 13:15:53,805 - INFO - algorithm_base.py:168 - Model Optimization Algorithm Fix zp_comp Encoding is done (completion time is 00:00:00.00)
2026-03-04 13:15:53,806 - INFO - algorithm_base.py:149 - Matmul Equalization skipped
2026-03-04 13:15:53,806 - INFO - algorithm_base.py:152 - Starting MatmulDecomposeFix
2026-03-04 13:15:53,806 - INFO - algorithm_base.py:168 - Model Optimization Algorithm MatmulDecomposeFix is done (completion time is 00:00:00.00)
2026-03-04 13:15:54,560 - INFO - algorithm_base.py:149 - Finetune encoding skipped
2026-03-04 13:15:54,561 - INFO - algorithm_base.py:149 - Bias Correction skipped
2026-03-04 13:15:54,563 - INFO - algorithm_base.py:149 - Adaround skipped
2026-03-04 13:15:54,564 - INFO - algorithm_base.py:149 - Quantization-Aware Fine-Tuning skipped
2026-03-04 13:15:55,143 - INFO - algorithm_base.py:149 - Layer Noise Analysis skipped
2026-03-04 13:15:55,157 - INFO - quant_checker.py:171 - The calibration set seems to not be normalized, because the values range is [(0.0, 0.7124244), (0.0, 0.46873146), (0.0, 0.647242)].
Since the neural core works in 8-bit (between 0 to 255), a quantization will occur on the CPU of the runtime platform.
Add a normalization layer to the model to offload the normalization to the neural core.
Refer to the user guide Hailo Dataflow Compiler user guide / Model Optimization / Optimization Related Model Script Commands / model_modification_commands / normalization for details.
2026-03-04 13:15:55,787 - IMPORTANT - logger.py:58 - Model Optimization is done
2026-03-04 13:15:55,833 - INFO - client_runner.py:1881 - Saved HAR to: /home/epratika/FYS/KSU_FirstYearScholars25-26/output/jet_classifier_3ch_2-4-8_quantized.har
2026-03-04 13:15:55,837 - INFO - hailo_tools_runner.py:510 - To achieve optimal performance, set the compiler_optimization_level to "max" by adding performance_param(compiler_optimization_level=max) to the model script. Note that this may increase compilation time.
2026-03-04 13:17:43,080 - INFO - parser.py:158 - Translation started on ONNX model jet_classifier
2026-03-04 13:17:43,094 - INFO - parser.py:193 - Restored ONNX model jet_classifier (completion time: 00:00:00.01)
2026-03-04 13:17:43,259 - INFO - parser.py:216 - Extracted ONNXRuntime meta-data for Hailo model (completion time: 00:00:00.18)
2026-03-04 13:17:43,287 - INFO - parser.py:366 - Start nodes mapped from original model: 'input': 'jet_classifier/input_layer1'.
2026-03-04 13:17:43,287 - INFO - parser.py:367 - End nodes mapped from original model: '/sigmoid/Sigmoid'.
2026-03-04 13:17:43,293 - INFO - parser.py:288 - Translation completed on ONNX model jet_classifier (completion time: 00:00:00.21)
2026-03-04 13:17:43,570 - INFO - client_runner.py:1881 - Saved HAR to: /home/epratika/FYS/KSU_FirstYearScholars25-26/output/jet_classifier_3ch_2-4-8_parsed.har
2026-03-04 13:17:43,704 - INFO - calib_set_generator.py:130 - Found model with 3 input channels, using real RGB images for calibration instead of sampling random data.
2026-03-04 13:17:43,774 - IMPORTANT - logger.py:58 - Starting Model Optimization
2026-03-04 13:17:43,878 - WARNING - mo_config.py:168 - Reducing optimization level to 0 (the accuracy won't be optimized and compression won't be used) because there's no available GPU
2026-03-04 13:17:43,878 - WARNING - mo_config.py:233 - Running model optimization with zero level of optimization is not recommended for production use and might lead to suboptimal accuracy results
2026-03-04 13:17:43,879 - INFO - mo_script_parser.py:91 - Model received quantization params from the hn
2026-03-04 13:17:44,244 - INFO - algorithm_base.py:149 - MatmulDecompose skipped
2026-03-04 13:17:44,252 - INFO - algorithm_base.py:152 - Starting Mixed Precision
2026-03-04 13:17:44,280 - INFO - algorithm_base.py:168 - Model Optimization Algorithm Mixed Precision is done (completion time is 00:00:00.03)
2026-03-04 13:17:44,294 - INFO - algorithm_base.py:149 - LayerNorm Decomposition skipped
2026-03-04 13:17:44,326 - INFO - algorithm_base.py:152 - Starting Statistics Collector
2026-03-04 13:17:44,331 - INFO - stats_collection.py:89 - Using dataset with 64 entries for calibration
2026-03-04 13:17:46,590 - INFO - algorithm_base.py:168 - Model Optimization Algorithm Statistics Collector is done (completion time is 00:00:02.26)
2026-03-04 13:17:46,663 - INFO - create_io_encoding.py:138 - Output layer jet_classifier/fc2 with sigmoid activation was detected. Forcing its output range to be [0, 1] (original range was [0.0021796487271785736, 0.9484009146690369]).
2026-03-04 13:17:46,669 - INFO - algorithm_base.py:152 - Starting Fix zp_comp Encoding
2026-03-04 13:17:46,669 - INFO - algorithm_base.py:168 - Model Optimization Algorithm Fix zp_comp Encoding is done (completion time is 00:00:00.00)
2026-03-04 13:17:46,669 - INFO - algorithm_base.py:149 - Matmul Equalization skipped
2026-03-04 13:17:46,669 - INFO - algorithm_base.py:152 - Starting MatmulDecomposeFix
2026-03-04 13:17:46,669 - INFO - algorithm_base.py:168 - Model Optimization Algorithm MatmulDecomposeFix is done (completion time is 00:00:00.00)
2026-03-04 13:17:47,411 - INFO - algorithm_base.py:149 - Finetune encoding skipped
2026-03-04 13:17:47,412 - INFO - algorithm_base.py:149 - Bias Correction skipped
2026-03-04 13:17:47,413 - INFO - algorithm_base.py:149 - Adaround skipped
2026-03-04 13:17:47,415 - INFO - algorithm_base.py:149 - Quantization-Aware Fine-Tuning skipped
2026-03-04 13:17:47,986 - INFO - algorithm_base.py:149 - Layer Noise Analysis skipped
2026-03-04 13:17:48,001 - INFO - quant_checker.py:171 - The calibration set seems to not be normalized, because the values range is [(0.0, 0.7124244), (0.0, 0.46873146), (0.0, 0.647242)].
Since the neural core works in 8-bit (between 0 to 255), a quantization will occur on the CPU of the runtime platform.
Add a normalization layer to the model to offload the normalization to the neural core.
Refer to the user guide Hailo Dataflow Compiler user guide / Model Optimization / Optimization Related Model Script Commands / model_modification_commands / normalization for details.
2026-03-04 13:17:48,624 - IMPORTANT - logger.py:58 - Model Optimization is done
2026-03-04 13:17:48,670 - INFO - client_runner.py:1881 - Saved HAR to: /home/epratika/FYS/KSU_FirstYearScholars25-26/output/jet_classifier_3ch_2-4-8_quantized.har
2026-03-04 13:17:48,674 - INFO - hailo_tools_runner.py:510 - To achieve optimal performance, set the compiler_optimization_level to "max" by adding performance_param(compiler_optimization_level=max) to the model script. Note that this may increase compilation time.
2026-03-15 21:32:36,684 - INFO - parser.py:158 - Translation started on ONNX model jet_classifier
2026-03-15 21:32:36,735 - INFO - parser.py:193 - Restored ONNX model jet_classifier (completion time: 00:00:00.05)
2026-03-15 21:32:36,926 - INFO - parser.py:216 - Extracted ONNXRuntime meta-data for Hailo model (completion time: 00:00:00.24)
2026-03-15 21:32:37,019 - INFO - parser.py:366 - Start nodes mapped from original model: 'input': 'jet_classifier/input_layer1'.
2026-03-15 21:32:37,019 - INFO - parser.py:367 - End nodes mapped from original model: '/sigmoid/Sigmoid'.
2026-03-15 21:32:37,025 - INFO - parser.py:288 - Translation completed on ONNX model jet_classifier (completion time: 00:00:00.34)
2026-03-15 21:32:37,322 - INFO - client_runner.py:1881 - Saved HAR to: /home/epratika/FYS/KSU_FirstYearScholars25-26/output/jet_classifier_3ch_32-48-64_parsed.har
2026-03-15 21:32:37,455 - INFO - calib_set_generator.py:130 - Found model with 3 input channels, using real RGB images for calibration instead of sampling random data.
2026-03-15 21:32:37,525 - IMPORTANT - logger.py:58 - Starting Model Optimization
2026-03-15 21:32:37,660 - WARNING - mo_config.py:168 - Reducing optimization level to 0 (the accuracy won't be optimized and compression won't be used) because there's no available GPU
2026-03-15 21:32:37,661 - WARNING - mo_config.py:233 - Running model optimization with zero level of optimization is not recommended for production use and might lead to suboptimal accuracy results
2026-03-15 21:32:37,661 - INFO - mo_script_parser.py:91 - Model received quantization params from the hn
2026-03-15 21:32:38,077 - INFO - algorithm_base.py:149 - MatmulDecompose skipped
2026-03-15 21:32:38,084 - INFO - algorithm_base.py:152 - Starting Mixed Precision
2026-03-15 21:32:38,113 - INFO - algorithm_base.py:168 - Model Optimization Algorithm Mixed Precision is done (completion time is 00:00:00.03)
2026-03-15 21:32:38,127 - INFO - algorithm_base.py:149 - LayerNorm Decomposition skipped
2026-03-15 21:32:38,158 - INFO - algorithm_base.py:152 - Starting Statistics Collector
2026-03-15 21:32:38,162 - INFO - stats_collection.py:89 - Using dataset with 64 entries for calibration
2026-03-15 21:32:40,501 - INFO - algorithm_base.py:168 - Model Optimization Algorithm Statistics Collector is done (completion time is 00:00:02.34)
2026-03-15 21:32:40,593 - INFO - create_io_encoding.py:138 - Output layer jet_classifier/fc2 with sigmoid activation was detected. Forcing its output range to be [0, 1] (original range was [0.003979772329330444, 0.9928780794143677]).
2026-03-15 21:32:40,598 - INFO - algorithm_base.py:152 - Starting Fix zp_comp Encoding
2026-03-15 21:32:40,598 - INFO - algorithm_base.py:168 - Model Optimization Algorithm Fix zp_comp Encoding is done (completion time is 00:00:00.00)
2026-03-15 21:32:40,598 - INFO - algorithm_base.py:149 - Matmul Equalization skipped
2026-03-15 21:32:40,598 - INFO - algorithm_base.py:152 - Starting MatmulDecomposeFix
2026-03-15 21:32:40,598 - INFO - algorithm_base.py:168 - Model Optimization Algorithm MatmulDecomposeFix is done (completion time is 00:00:00.00)
2026-03-15 21:32:41,411 - INFO - algorithm_base.py:149 - Finetune encoding skipped
2026-03-15 21:32:41,412 - INFO - algorithm_base.py:149 - Bias Correction skipped
2026-03-15 21:32:41,414 - INFO - algorithm_base.py:149 - Adaround skipped
2026-03-15 21:32:41,415 - INFO - algorithm_base.py:149 - Quantization-Aware Fine-Tuning skipped
2026-03-15 21:32:41,973 - INFO - algorithm_base.py:149 - Layer Noise Analysis skipped
2026-03-15 21:32:41,988 - INFO - quant_checker.py:171 - The calibration set seems to not be normalized, because the values range is [(0.0, 0.7124244), (0.0, 0.46873146), (0.0, 0.647242)].
Since the neural core works in 8-bit (between 0 to 255), a quantization will occur on the CPU of the runtime platform.
Add a normalization layer to the model to offload the normalization to the neural core.
Refer to the user guide Hailo Dataflow Compiler user guide / Model Optimization / Optimization Related Model Script Commands / model_modification_commands / normalization for details.
2026-03-15 21:32:42,599 - IMPORTANT - logger.py:58 - Model Optimization is done
2026-03-15 21:32:42,645 - INFO - client_runner.py:1881 - Saved HAR to: /home/epratika/FYS/KSU_FirstYearScholars25-26/output/jet_classifier_3ch_32-48-64_quantized.har
2026-03-15 21:32:42,649 - INFO - hailo_tools_runner.py:510 - To achieve optimal performance, set the compiler_optimization_level to "max" by adding performance_param(compiler_optimization_level=max) to the model script. Note that this may increase compilation time.
2026-03-15 21:36:21,448 - INFO - parser.py:158 - Translation started on ONNX model jet_classifier
2026-03-15 21:36:21,462 - INFO - parser.py:193 - Restored ONNX model jet_classifier (completion time: 00:00:00.01)
2026-03-15 21:36:21,623 - INFO - parser.py:216 - Extracted ONNXRuntime meta-data for Hailo model (completion time: 00:00:00.17)
2026-03-15 21:36:21,651 - INFO - parser.py:366 - Start nodes mapped from original model: 'input': 'jet_classifier/input_layer1'.
2026-03-15 21:36:21,651 - INFO - parser.py:367 - End nodes mapped from original model: '/sigmoid/Sigmoid'.
2026-03-15 21:36:21,657 - INFO - parser.py:288 - Translation completed on ONNX model jet_classifier (completion time: 00:00:00.21)
2026-03-15 21:36:21,931 - INFO - client_runner.py:1881 - Saved HAR to: /home/epratika/FYS/KSU_FirstYearScholars25-26/output/jet_classifier_3ch_32-48-64_parsed.har
2026-03-15 21:36:22,064 - INFO - calib_set_generator.py:130 - Found model with 3 input channels, using real RGB images for calibration instead of sampling random data.
2026-03-15 21:36:22,133 - IMPORTANT - logger.py:58 - Starting Model Optimization
2026-03-15 21:36:22,232 - WARNING - mo_config.py:168 - Reducing optimization level to 0 (the accuracy won't be optimized and compression won't be used) because there's no available GPU
2026-03-15 21:36:22,232 - WARNING - mo_config.py:233 - Running model optimization with zero level of optimization is not recommended for production use and might lead to suboptimal accuracy results
2026-03-15 21:36:22,233 - INFO - mo_script_parser.py:91 - Model received quantization params from the hn
2026-03-30 15:09:43,070 - INFO - parser.py:158 - Translation started on ONNX model jet_classifier
2026-03-30 15:09:43,084 - INFO - parser.py:193 - Restored ONNX model jet_classifier (completion time: 00:00:00.01)
2026-03-30 15:09:43,240 - INFO - parser.py:216 - Extracted ONNXRuntime meta-data for Hailo model (completion time: 00:00:00.17)
2026-03-30 15:09:43,268 - INFO - parser.py:366 - Start nodes mapped from original model: 'input': 'jet_classifier/input_layer1'.
2026-03-30 15:09:43,268 - INFO - parser.py:367 - End nodes mapped from original model: '/sigmoid/Sigmoid'.
2026-03-30 15:09:43,274 - INFO - parser.py:288 - Translation completed on ONNX model jet_classifier (completion time: 00:00:00.20)
2026-03-30 15:09:43,551 - INFO - client_runner.py:1881 - Saved HAR to: /home/epratika/FYS/KSU_FirstYearScholars25-26/output/jet_classifier_3ch_16-32-64_parsed.har
2026-03-30 15:09:43,559 - INFO - client_runner.py:501 - Loading model script commands to jet_classifier from output/jet_classifier_3ch_16-32-64.alls
2026-03-30 15:09:43,720 - INFO - calib_set_generator.py:130 - Found model with 3 input channels, using real RGB images for calibration instead of sampling random data.
2026-03-30 15:09:43,790 - IMPORTANT - logger.py:58 - Starting Model Optimization
2026-03-30 15:09:43,896 - WARNING - mo_config.py:168 - Reducing optimization level to 0 (the accuracy won't be optimized and compression won't be used) because there's no available GPU
2026-03-30 15:09:43,896 - WARNING - mo_config.py:233 - Running model optimization with zero level of optimization is not recommended for production use and might lead to suboptimal accuracy results
2026-03-30 15:09:43,897 - INFO - mo_script_parser.py:91 - Model received quantization params from the hn
2026-03-30 15:09:44,254 - INFO - algorithm_base.py:149 - MatmulDecompose skipped
2026-03-30 15:09:44,262 - INFO - algorithm_base.py:152 - Starting Mixed Precision
2026-03-30 15:09:44,305 - INFO - algorithm_base.py:168 - Model Optimization Algorithm Mixed Precision is done (completion time is 00:00:00.04)
2026-03-30 15:09:44,321 - INFO - algorithm_base.py:149 - LayerNorm Decomposition skipped
2026-03-30 15:09:44,374 - INFO - algorithm_base.py:152 - Starting Statistics Collector
2026-03-30 15:09:44,378 - INFO - stats_collection.py:89 - Using dataset with 64 entries for calibration
2026-03-30 15:09:46,870 - INFO - algorithm_base.py:168 - Model Optimization Algorithm Statistics Collector is done (completion time is 00:00:02.49)
2026-03-30 15:09:46,948 - INFO - create_io_encoding.py:138 - Output layer jet_classifier/fc2 with sigmoid activation was detected. Forcing its output range to be [0, 1] (original range was [0.014655872248113155, 0.9417298436164856]).
2026-03-30 15:09:46,952 - INFO - algorithm_base.py:152 - Starting Fix zp_comp Encoding
2026-03-30 15:09:46,952 - INFO - algorithm_base.py:168 - Model Optimization Algorithm Fix zp_comp Encoding is done (completion time is 00:00:00.00)
2026-03-30 15:09:46,953 - INFO - algorithm_base.py:149 - Matmul Equalization skipped
2026-03-30 15:09:46,953 - INFO - algorithm_base.py:152 - Starting MatmulDecomposeFix
2026-03-30 15:09:46,953 - INFO - algorithm_base.py:168 - Model Optimization Algorithm MatmulDecomposeFix is done (completion time is 00:00:00.00)
2026-03-30 15:09:47,921 - INFO - algorithm_base.py:149 - Finetune encoding skipped
2026-03-30 15:09:47,922 - INFO - algorithm_base.py:149 - Bias Correction skipped
2026-03-30 15:09:47,924 - INFO - algorithm_base.py:149 - Adaround skipped
2026-03-30 15:09:47,925 - INFO - algorithm_base.py:149 - Quantization-Aware Fine-Tuning skipped
2026-03-30 15:09:48,571 - INFO - algorithm_base.py:149 - Layer Noise Analysis skipped
2026-03-30 15:09:48,586 - INFO - quant_checker.py:171 - The calibration set seems to not be normalized, because the values range is [(0.0, 0.7124244), (0.0, 0.46873146), (0.0, 0.647242)].
Since the neural core works in 8-bit (between 0 to 255), a quantization will occur on the CPU of the runtime platform.
Add a normalization layer to the model to offload the normalization to the neural core.
Refer to the user guide Hailo Dataflow Compiler user guide / Model Optimization / Optimization Related Model Script Commands / model_modification_commands / normalization for details.
2026-03-30 15:09:49,277 - IMPORTANT - logger.py:58 - Model Optimization is done
2026-03-30 15:09:49,325 - INFO - client_runner.py:1881 - Saved HAR to: /home/epratika/FYS/KSU_FirstYearScholars25-26/output/jet_classifier_3ch_16-32-64_quantized.har
2026-03-30 15:09:49,341 - INFO - hailo_tools_runner.py:510 - To achieve optimal performance, set the compiler_optimization_level to "max" by adding performance_param(compiler_optimization_level=max) to the model script. Note that this may increase compilation time.
